<?xml version="1.0" encoding="UTF-8"?>
<!-- Generated by org.testng.reporters.JUnitXMLReporter -->
<testsuite ignored="0" hostname="Torrey" failures="0" tests="7" name="Accounts Page Test" time="11.869" errors="0" timestamp="2023-12-27T14:49:17 PST">
  <testcase classname="com.qa.opencart.tests.AccountsPageTest" name="accPageHeadersCountTest" time="0.202"/>
  <testcase classname="com.qa.opencart.tests.AccountsPageTest" name="accPageHeadersTest" time="0.116"/>
  <testcase classname="com.qa.opencart.tests.AccountsPageTest" name="accPageTitleTest" time="0.048"/>
  <testcase classname="com.qa.opencart.tests.AccountsPageTest" name="accPageURLTest" time="0.047"/>
  <testcase classname="com.qa.opencart.tests.AccountsPageTest" name="isLogoutLinkExistTest" time="0.092"/>
  <testcase classname="com.qa.opencart.tests.AccountsPageTest" name="isSearchFieldExistTest" time="0.058"/>
  <testcase classname="com.qa.opencart.tests.AccountsPageTest" name="searchTest" time="2.151"/>
</testsuite> <!-- Accounts Page Test -->
