<?xml version="1.0" encoding="UTF-8"?>
<!-- Generated by org.testng.reporters.JUnitXMLReporter -->
<testsuite ignored="0" hostname="Torrey" failures="0" tests="5" name="Login Page Test" time="9.517" errors="0" timestamp="2023-12-27T14:49:15 PST">
  <testcase classname="com.qa.opencart.tests.LoginPageTest" name="loginPageTitleTest" time="0.151"/>
  <testcase classname="com.qa.opencart.tests.LoginPageTest" name="loginPageURLTest" time="0.032"/>
  <testcase classname="com.qa.opencart.tests.LoginPageTest" name="fogotPwdLinkExistTest" time="0.076"/>
  <testcase classname="com.qa.opencart.tests.LoginPageTest" name="appLogoExistTest" time="0.039"/>
  <testcase classname="com.qa.opencart.tests.LoginPageTest" name="loginTest" time="1.01"/>
</testsuite> <!-- Login Page Test -->
