<?xml version="1.0" encoding="UTF-8"?>
<!-- Generated by org.testng.reporters.JUnitXMLReporter -->
<testsuite ignored="0" hostname="Torrey" failures="0" tests="5" name="Login Page Test" time="10.313" errors="0" timestamp="2024-01-06T21:17:04 PST">
  <testcase classname="com.qa.opencart.tests.LoginPageTest" name="loginPageTitleTest" time="0.892"/>
  <testcase classname="com.qa.opencart.tests.LoginPageTest" name="loginPageURLTest" time="0.039"/>
  <testcase classname="com.qa.opencart.tests.LoginPageTest" name="fogotPwdLinkExistTest" time="0.093"/>
  <testcase classname="com.qa.opencart.tests.LoginPageTest" name="appLogoExistTest" time="0.098"/>
  <testcase classname="com.qa.opencart.tests.LoginPageTest" name="loginTest" time="1.305"/>
</testsuite> <!-- Login Page Test -->
