<?xml version="1.0" encoding="UTF-8"?>
<!-- Generated by org.testng.reporters.JUnitXMLReporter -->
<testsuite ignored="0" hostname="Torrey" failures="0" tests="3" name="Register Page Test" time="19.053" errors="0" timestamp="2024-01-06T21:17:13 PST">
  <testcase classname="com.qa.opencart.tests.RegisterPageTest" name="userRegTest" time="4.364"/>
  <testcase classname="com.qa.opencart.tests.RegisterPageTest" name="userRegTest" time="2.704"/>
  <testcase classname="com.qa.opencart.tests.RegisterPageTest" name="userRegTest" time="2.743"/>
</testsuite> <!-- Register Page Test -->
