<?xml version="1.0" encoding="UTF-8"?>
<!-- Generated by org.testng.reporters.JUnitXMLReporter -->
<testsuite ignored="0" hostname="Torrey" failures="0" tests="3" name="Register Page Test" time="17.381" errors="0" timestamp="2023-12-27T14:49:23 PST">
  <testcase classname="com.qa.opencart.tests.RegisterPageTest" name="userRegTest" time="3.158"/>
  <testcase classname="com.qa.opencart.tests.RegisterPageTest" name="userRegTest" time="2.619"/>
  <testcase classname="com.qa.opencart.tests.RegisterPageTest" name="userRegTest" time="2.411"/>
</testsuite> <!-- Register Page Test -->
