<?xml version="1.0" encoding="UTF-8"?>
<!-- Generated by org.testng.reporters.JUnitXMLReporter -->
<testsuite ignored="0" hostname="Torrey" failures="0" tests="5" name="Default test" time="11.452" errors="0" timestamp="2024-01-06T21:04:55 PST">
  <testcase classname="com.qa.opencart.tests.LoginPageTest" name="loginPageTitleTest" time="0.096"/>
  <testcase classname="com.qa.opencart.tests.LoginPageTest" name="loginPageURLTest" time="0.03"/>
  <testcase classname="com.qa.opencart.tests.LoginPageTest" name="fogotPwdLinkExistTest" time="0.09"/>
  <testcase classname="com.qa.opencart.tests.LoginPageTest" name="appLogoExistTest" time="0.04"/>
  <testcase classname="com.qa.opencart.tests.LoginPageTest" name="loginTest" time="0.862"/>
</testsuite> <!-- Default test -->
