<?xml version="1.0" encoding="UTF-8"?>
<testng-results ignored="0" total="15" passed="15" failed="0" skipped="0">
  <reporter-output>
  </reporter-output>
  <suite started-at="2023-12-27T14:49:06 PST" name="Opencart App Test Regression Suite" finished-at="2023-12-27T14:49:23 PST" duration-ms="17382">
    <groups>
    </groups>
    <test started-at="2023-12-27T14:49:06 PST" name="Login Page Test" finished-at="2023-12-27T14:49:15 PST" duration-ms="9517">
      <class name="com.qa.opencart.tests.LoginPageTest">
        <test-method is-config="true" signature="setup()[pri:0, instance:com.qa.opencart.tests.LoginPageTest@991cbde]" started-at="2023-12-27T14:49:06 PST" name="setup" finished-at="2023-12-27T14:49:13 PST" duration-ms="7040" status="PASS">
          <reporter-output>
          </reporter-output>
        </test-method> <!-- setup -->
        <test-method signature="loginPageTitleTest()[pri:1, instance:com.qa.opencart.tests.LoginPageTest@991cbde]" started-at="2023-12-27T14:49:13 PST" name="loginPageTitleTest" finished-at="2023-12-27T14:49:13 PST" duration-ms="151" status="PASS">
          <reporter-output>
          </reporter-output>
        </test-method> <!-- loginPageTitleTest -->
        <test-method signature="loginPageURLTest()[pri:2, instance:com.qa.opencart.tests.LoginPageTest@991cbde]" started-at="2023-12-27T14:49:13 PST" name="loginPageURLTest" finished-at="2023-12-27T14:49:13 PST" duration-ms="32" status="PASS">
          <reporter-output>
          </reporter-output>
        </test-method> <!-- loginPageURLTest -->
        <test-method signature="fogotPwdLinkExistTest()[pri:3, instance:com.qa.opencart.tests.LoginPageTest@991cbde]" started-at="2023-12-27T14:49:13 PST" name="fogotPwdLinkExistTest" finished-at="2023-12-27T14:49:13 PST" duration-ms="76" status="PASS">
          <reporter-output>
          </reporter-output>
        </test-method> <!-- fogotPwdLinkExistTest -->
        <test-method signature="appLogoExistTest()[pri:4, instance:com.qa.opencart.tests.LoginPageTest@991cbde]" started-at="2023-12-27T14:49:13 PST" name="appLogoExistTest" finished-at="2023-12-27T14:49:13 PST" duration-ms="39" status="PASS">
          <reporter-output>
          </reporter-output>
        </test-method> <!-- appLogoExistTest -->
        <test-method signature="loginTest()[pri:5, instance:com.qa.opencart.tests.LoginPageTest@991cbde]" started-at="2023-12-27T14:49:13 PST" name="loginTest" finished-at="2023-12-27T14:49:14 PST" duration-ms="1010" status="PASS">
          <reporter-output>
          </reporter-output>
        </test-method> <!-- loginTest -->
        <test-method is-config="true" signature="tearDown()[pri:0, instance:com.qa.opencart.tests.LoginPageTest@991cbde]" started-at="2023-12-27T14:49:15 PST" name="tearDown" finished-at="2023-12-27T14:49:15 PST" duration-ms="327" status="PASS">
          <reporter-output>
          </reporter-output>
        </test-method> <!-- tearDown -->
      </class> <!-- com.qa.opencart.tests.LoginPageTest -->
    </test> <!-- Login Page Test -->
    <test started-at="2023-12-27T14:49:06 PST" name="Accounts Page Test" finished-at="2023-12-27T14:49:17 PST" duration-ms="11869">
      <class name="com.qa.opencart.tests.AccountsPageTest">
        <test-method is-config="true" signature="setup()[pri:0, instance:com.qa.opencart.tests.AccountsPageTest@6ccac6f4]" started-at="2023-12-27T14:49:06 PST" name="setup" finished-at="2023-12-27T14:49:13 PST" duration-ms="7017" status="PASS">
          <reporter-output>
          </reporter-output>
        </test-method> <!-- setup -->
        <test-method is-config="true" signature="accSetUp()[pri:0, instance:com.qa.opencart.tests.AccountsPageTest@6ccac6f4]" started-at="2023-12-27T14:49:13 PST" name="accSetUp" finished-at="2023-12-27T14:49:14 PST" duration-ms="1199" status="PASS">
          <reporter-output>
          </reporter-output>
        </test-method> <!-- accSetUp -->
        <test-method signature="accPageHeadersCountTest()[pri:0, instance:com.qa.opencart.tests.AccountsPageTest@6ccac6f4]" started-at="2023-12-27T14:49:14 PST" name="accPageHeadersCountTest" finished-at="2023-12-27T14:49:14 PST" duration-ms="202" status="PASS">
          <reporter-output>
          </reporter-output>
        </test-method> <!-- accPageHeadersCountTest -->
        <test-method signature="accPageHeadersTest()[pri:0, instance:com.qa.opencart.tests.AccountsPageTest@6ccac6f4]" started-at="2023-12-27T14:49:14 PST" name="accPageHeadersTest" finished-at="2023-12-27T14:49:14 PST" duration-ms="116" status="PASS">
          <reporter-output>
          </reporter-output>
        </test-method> <!-- accPageHeadersTest -->
        <test-method signature="accPageTitleTest()[pri:0, instance:com.qa.opencart.tests.AccountsPageTest@6ccac6f4]" started-at="2023-12-27T14:49:15 PST" name="accPageTitleTest" finished-at="2023-12-27T14:49:15 PST" duration-ms="48" status="PASS">
          <reporter-output>
          </reporter-output>
        </test-method> <!-- accPageTitleTest -->
        <test-method signature="accPageURLTest()[pri:0, instance:com.qa.opencart.tests.AccountsPageTest@6ccac6f4]" started-at="2023-12-27T14:49:15 PST" name="accPageURLTest" finished-at="2023-12-27T14:49:15 PST" duration-ms="47" status="PASS">
          <reporter-output>
          </reporter-output>
        </test-method> <!-- accPageURLTest -->
        <test-method signature="isLogoutLinkExistTest()[pri:0, instance:com.qa.opencart.tests.AccountsPageTest@6ccac6f4]" started-at="2023-12-27T14:49:15 PST" name="isLogoutLinkExistTest" finished-at="2023-12-27T14:49:15 PST" duration-ms="92" status="PASS">
          <reporter-output>
          </reporter-output>
        </test-method> <!-- isLogoutLinkExistTest -->
        <test-method signature="isSearchFieldExistTest()[pri:0, instance:com.qa.opencart.tests.AccountsPageTest@6ccac6f4]" started-at="2023-12-27T14:49:15 PST" name="isSearchFieldExistTest" finished-at="2023-12-27T14:49:15 PST" duration-ms="58" status="PASS">
          <reporter-output>
          </reporter-output>
        </test-method> <!-- isSearchFieldExistTest -->
        <test-method signature="searchTest()[pri:0, instance:com.qa.opencart.tests.AccountsPageTest@6ccac6f4]" started-at="2023-12-27T14:49:15 PST" name="searchTest" finished-at="2023-12-27T14:49:17 PST" duration-ms="2151" status="PASS">
          <reporter-output>
          </reporter-output>
        </test-method> <!-- searchTest -->
        <test-method is-config="true" signature="tearDown()[pri:0, instance:com.qa.opencart.tests.AccountsPageTest@6ccac6f4]" started-at="2023-12-27T14:49:17 PST" name="tearDown" finished-at="2023-12-27T14:49:17 PST" duration-ms="253" status="PASS">
          <reporter-output>
          </reporter-output>
        </test-method> <!-- tearDown -->
      </class> <!-- com.qa.opencart.tests.AccountsPageTest -->
    </test> <!-- Accounts Page Test -->
    <test started-at="2023-12-27T14:49:06 PST" name="Register Page Test" finished-at="2023-12-27T14:49:23 PST" duration-ms="17381">
      <class name="com.qa.opencart.tests.RegisterPageTest">
        <test-method is-config="true" signature="setup()[pri:0, instance:com.qa.opencart.tests.RegisterPageTest@671ea6ff]" started-at="2023-12-27T14:49:06 PST" name="setup" finished-at="2023-12-27T14:49:14 PST" duration-ms="8065" status="PASS">
          <reporter-output>
          </reporter-output>
        </test-method> <!-- setup -->
        <test-method is-config="true" signature="regSetup()[pri:0, instance:com.qa.opencart.tests.RegisterPageTest@671ea6ff]" started-at="2023-12-27T14:49:14 PST" name="regSetup" finished-at="2023-12-27T14:49:14 PST" duration-ms="871" status="PASS">
          <reporter-output>
          </reporter-output>
        </test-method> <!-- regSetup -->
        <test-method signature="userRegTest(java.lang.String,java.lang.String,java.lang.String,java.lang.String,java.lang.String)[pri:0, instance:com.qa.opencart.tests.RegisterPageTest@671ea6ff]" started-at="2023-12-27T14:49:14 PST" name="userRegTest" data-provider="getUserRegData" finished-at="2023-12-27T14:49:18 PST" duration-ms="3158" status="PASS">
          <params>
            <param index="0">
              <value>
                <![CDATA[Rahul]]>
              </value>
            </param>
            <param index="1">
              <value>
                <![CDATA[yadav]]>
              </value>
            </param>
            <param index="2">
              <value>
                <![CDATA[9876543233]]>
              </value>
            </param>
            <param index="3">
              <value>
                <![CDATA[test@123]]>
              </value>
            </param>
            <param index="4">
              <value>
                <![CDATA[yes]]>
              </value>
            </param>
          </params>
          <reporter-output>
          </reporter-output>
        </test-method> <!-- userRegTest -->
        <test-method signature="userRegTest(java.lang.String,java.lang.String,java.lang.String,java.lang.String,java.lang.String)[pri:0, instance:com.qa.opencart.tests.RegisterPageTest@671ea6ff]" started-at="2023-12-27T14:49:18 PST" name="userRegTest" data-provider="getUserRegData" finished-at="2023-12-27T14:49:20 PST" duration-ms="2619" status="PASS">
          <params>
            <param index="0">
              <value>
                <![CDATA[Karishma]]>
              </value>
            </param>
            <param index="1">
              <value>
                <![CDATA[automation]]>
              </value>
            </param>
            <param index="2">
              <value>
                <![CDATA[9876544434]]>
              </value>
            </param>
            <param index="3">
              <value>
                <![CDATA[test@123]]>
              </value>
            </param>
            <param index="4">
              <value>
                <![CDATA[no]]>
              </value>
            </param>
          </params>
          <reporter-output>
          </reporter-output>
        </test-method> <!-- userRegTest -->
        <test-method signature="userRegTest(java.lang.String,java.lang.String,java.lang.String,java.lang.String,java.lang.String)[pri:0, instance:com.qa.opencart.tests.RegisterPageTest@671ea6ff]" started-at="2023-12-27T14:49:20 PST" name="userRegTest" data-provider="getUserRegData" finished-at="2023-12-27T14:49:23 PST" duration-ms="2411" status="PASS">
          <params>
            <param index="0">
              <value>
                <![CDATA[Jyothi]]>
              </value>
            </param>
            <param index="1">
              <value>
                <![CDATA[auto]]>
              </value>
            </param>
            <param index="2">
              <value>
                <![CDATA[9876522234]]>
              </value>
            </param>
            <param index="3">
              <value>
                <![CDATA[test@123]]>
              </value>
            </param>
            <param index="4">
              <value>
                <![CDATA[yes]]>
              </value>
            </param>
          </params>
          <reporter-output>
          </reporter-output>
        </test-method> <!-- userRegTest -->
        <test-method is-config="true" signature="tearDown()[pri:0, instance:com.qa.opencart.tests.RegisterPageTest@671ea6ff]" started-at="2023-12-27T14:49:23 PST" name="tearDown" finished-at="2023-12-27T14:49:23 PST" duration-ms="211" status="PASS">
          <reporter-output>
          </reporter-output>
        </test-method> <!-- tearDown -->
      </class> <!-- com.qa.opencart.tests.RegisterPageTest -->
    </test> <!-- Register Page Test -->
  </suite> <!-- Opencart App Test Regression Suite -->
</testng-results>
