<?xml version="1.0" encoding="UTF-8"?>
<testng-results ignored="0" total="15" passed="15" failed="0" skipped="0">
  <reporter-output>
  </reporter-output>
  <suite started-at="2024-01-06T21:16:53 PST" name="Opencart App Test Regression Suite" finished-at="2024-01-06T21:17:13 PST" duration-ms="19053">
    <groups>
    </groups>
    <test started-at="2024-01-06T21:16:53 PST" name="Login Page Test" finished-at="2024-01-06T21:17:04 PST" duration-ms="10313">
      <class name="com.qa.opencart.tests.LoginPageTest">
        <test-method is-config="true" signature="setup()[pri:0, instance:com.qa.opencart.tests.LoginPageTest@68b366e2]" started-at="2024-01-06T21:16:53 PST" name="setup" finished-at="2024-01-06T21:17:01 PST" duration-ms="7271" status="PASS">
          <reporter-output>
          </reporter-output>
        </test-method> <!-- setup -->
        <test-method signature="loginPageTitleTest()[pri:1, instance:com.qa.opencart.tests.LoginPageTest@68b366e2]" started-at="2024-01-06T21:17:01 PST" name="loginPageTitleTest" finished-at="2024-01-06T21:17:02 PST" duration-ms="892" status="PASS">
          <reporter-output>
          </reporter-output>
        </test-method> <!-- loginPageTitleTest -->
        <test-method signature="loginPageURLTest()[pri:2, instance:com.qa.opencart.tests.LoginPageTest@68b366e2]" started-at="2024-01-06T21:17:02 PST" name="loginPageURLTest" finished-at="2024-01-06T21:17:02 PST" duration-ms="39" status="PASS">
          <reporter-output>
          </reporter-output>
        </test-method> <!-- loginPageURLTest -->
        <test-method signature="fogotPwdLinkExistTest()[pri:3, instance:com.qa.opencart.tests.LoginPageTest@68b366e2]" started-at="2024-01-06T21:17:02 PST" name="fogotPwdLinkExistTest" finished-at="2024-01-06T21:17:02 PST" duration-ms="93" status="PASS">
          <reporter-output>
          </reporter-output>
        </test-method> <!-- fogotPwdLinkExistTest -->
        <test-method signature="appLogoExistTest()[pri:4, instance:com.qa.opencart.tests.LoginPageTest@68b366e2]" started-at="2024-01-06T21:17:02 PST" name="appLogoExistTest" finished-at="2024-01-06T21:17:02 PST" duration-ms="98" status="PASS">
          <reporter-output>
          </reporter-output>
        </test-method> <!-- appLogoExistTest -->
        <test-method signature="loginTest()[pri:5, instance:com.qa.opencart.tests.LoginPageTest@68b366e2]" started-at="2024-01-06T21:17:02 PST" name="loginTest" finished-at="2024-01-06T21:17:03 PST" duration-ms="1305" status="PASS">
          <reporter-output>
          </reporter-output>
        </test-method> <!-- loginTest -->
        <test-method is-config="true" signature="tearDown()[pri:0, instance:com.qa.opencart.tests.LoginPageTest@68b366e2]" started-at="2024-01-06T21:17:03 PST" name="tearDown" finished-at="2024-01-06T21:17:04 PST" duration-ms="379" status="PASS">
          <reporter-output>
          </reporter-output>
        </test-method> <!-- tearDown -->
      </class> <!-- com.qa.opencart.tests.LoginPageTest -->
    </test> <!-- Login Page Test -->
    <test started-at="2024-01-06T21:16:53 PST" name="Accounts Page Test" finished-at="2024-01-06T21:17:06 PST" duration-ms="12036">
      <class name="com.qa.opencart.tests.AccountsPageTest">
        <test-method is-config="true" signature="setup()[pri:0, instance:com.qa.opencart.tests.AccountsPageTest@42d6c12d]" started-at="2024-01-06T21:16:53 PST" name="setup" finished-at="2024-01-06T21:17:01 PST" duration-ms="7355" status="PASS">
          <reporter-output>
          </reporter-output>
        </test-method> <!-- setup -->
        <test-method is-config="true" signature="accSetUp()[pri:0, instance:com.qa.opencart.tests.AccountsPageTest@42d6c12d]" started-at="2024-01-06T21:17:01 PST" name="accSetUp" finished-at="2024-01-06T21:17:02 PST" duration-ms="1204" status="PASS">
          <reporter-output>
          </reporter-output>
        </test-method> <!-- accSetUp -->
        <test-method signature="accPageHeadersCountTest()[pri:0, instance:com.qa.opencart.tests.AccountsPageTest@42d6c12d]" started-at="2024-01-06T21:17:02 PST" name="accPageHeadersCountTest" finished-at="2024-01-06T21:17:02 PST" duration-ms="174" status="PASS">
          <reporter-output>
          </reporter-output>
        </test-method> <!-- accPageHeadersCountTest -->
        <test-method signature="accPageHeadersTest()[pri:0, instance:com.qa.opencart.tests.AccountsPageTest@42d6c12d]" started-at="2024-01-06T21:17:02 PST" name="accPageHeadersTest" finished-at="2024-01-06T21:17:02 PST" duration-ms="247" status="PASS">
          <reporter-output>
          </reporter-output>
        </test-method> <!-- accPageHeadersTest -->
        <test-method signature="accPageTitleTest()[pri:0, instance:com.qa.opencart.tests.AccountsPageTest@42d6c12d]" started-at="2024-01-06T21:17:02 PST" name="accPageTitleTest" finished-at="2024-01-06T21:17:03 PST" duration-ms="33" status="PASS">
          <reporter-output>
          </reporter-output>
        </test-method> <!-- accPageTitleTest -->
        <test-method signature="accPageURLTest()[pri:0, instance:com.qa.opencart.tests.AccountsPageTest@42d6c12d]" started-at="2024-01-06T21:17:03 PST" name="accPageURLTest" finished-at="2024-01-06T21:17:03 PST" duration-ms="34" status="PASS">
          <reporter-output>
          </reporter-output>
        </test-method> <!-- accPageURLTest -->
        <test-method signature="isLogoutLinkExistTest()[pri:0, instance:com.qa.opencart.tests.AccountsPageTest@42d6c12d]" started-at="2024-01-06T21:17:03 PST" name="isLogoutLinkExistTest" finished-at="2024-01-06T21:17:03 PST" duration-ms="89" status="PASS">
          <reporter-output>
          </reporter-output>
        </test-method> <!-- isLogoutLinkExistTest -->
        <test-method signature="isSearchFieldExistTest()[pri:0, instance:com.qa.opencart.tests.AccountsPageTest@42d6c12d]" started-at="2024-01-06T21:17:03 PST" name="isSearchFieldExistTest" finished-at="2024-01-06T21:17:03 PST" duration-ms="115" status="PASS">
          <reporter-output>
          </reporter-output>
        </test-method> <!-- isSearchFieldExistTest -->
        <test-method signature="searchTest()[pri:0, instance:com.qa.opencart.tests.AccountsPageTest@42d6c12d]" started-at="2024-01-06T21:17:03 PST" name="searchTest" finished-at="2024-01-06T21:17:05 PST" duration-ms="2409" status="PASS">
          <reporter-output>
          </reporter-output>
        </test-method> <!-- searchTest -->
        <test-method is-config="true" signature="tearDown()[pri:0, instance:com.qa.opencart.tests.AccountsPageTest@42d6c12d]" started-at="2024-01-06T21:17:05 PST" name="tearDown" finished-at="2024-01-06T21:17:06 PST" duration-ms="284" status="PASS">
          <reporter-output>
          </reporter-output>
        </test-method> <!-- tearDown -->
      </class> <!-- com.qa.opencart.tests.AccountsPageTest -->
    </test> <!-- Accounts Page Test -->
    <test started-at="2024-01-06T21:16:53 PST" name="Register Page Test" finished-at="2024-01-06T21:17:13 PST" duration-ms="19053">
      <class name="com.qa.opencart.tests.RegisterPageTest">
        <test-method is-config="true" signature="setup()[pri:0, instance:com.qa.opencart.tests.RegisterPageTest@4b1ec694]" started-at="2024-01-06T21:16:53 PST" name="setup" finished-at="2024-01-06T21:17:01 PST" duration-ms="8000" status="PASS">
          <reporter-output>
          </reporter-output>
        </test-method> <!-- setup -->
        <test-method is-config="true" signature="regSetup()[pri:0, instance:com.qa.opencart.tests.RegisterPageTest@4b1ec694]" started-at="2024-01-06T21:17:01 PST" name="regSetup" finished-at="2024-01-06T21:17:02 PST" duration-ms="898" status="PASS">
          <reporter-output>
          </reporter-output>
        </test-method> <!-- regSetup -->
        <test-method signature="userRegTest(java.lang.String,java.lang.String,java.lang.String,java.lang.String,java.lang.String)[pri:0, instance:com.qa.opencart.tests.RegisterPageTest@4b1ec694]" started-at="2024-01-06T21:17:02 PST" name="userRegTest" data-provider="getUserRegData" finished-at="2024-01-06T21:17:07 PST" duration-ms="4364" status="PASS">
          <params>
            <param index="0">
              <value>
                <![CDATA[Rahul]]>
              </value>
            </param>
            <param index="1">
              <value>
                <![CDATA[yadav]]>
              </value>
            </param>
            <param index="2">
              <value>
                <![CDATA[9876543233]]>
              </value>
            </param>
            <param index="3">
              <value>
                <![CDATA[test@123]]>
              </value>
            </param>
            <param index="4">
              <value>
                <![CDATA[yes]]>
              </value>
            </param>
          </params>
          <reporter-output>
          </reporter-output>
        </test-method> <!-- userRegTest -->
        <test-method signature="userRegTest(java.lang.String,java.lang.String,java.lang.String,java.lang.String,java.lang.String)[pri:0, instance:com.qa.opencart.tests.RegisterPageTest@4b1ec694]" started-at="2024-01-06T21:17:07 PST" name="userRegTest" data-provider="getUserRegData" finished-at="2024-01-06T21:17:09 PST" duration-ms="2704" status="PASS">
          <params>
            <param index="0">
              <value>
                <![CDATA[Karishma]]>
              </value>
            </param>
            <param index="1">
              <value>
                <![CDATA[automation]]>
              </value>
            </param>
            <param index="2">
              <value>
                <![CDATA[9876544434]]>
              </value>
            </param>
            <param index="3">
              <value>
                <![CDATA[test@123]]>
              </value>
            </param>
            <param index="4">
              <value>
                <![CDATA[no]]>
              </value>
            </param>
          </params>
          <reporter-output>
          </reporter-output>
        </test-method> <!-- userRegTest -->
        <test-method signature="userRegTest(java.lang.String,java.lang.String,java.lang.String,java.lang.String,java.lang.String)[pri:0, instance:com.qa.opencart.tests.RegisterPageTest@4b1ec694]" started-at="2024-01-06T21:17:09 PST" name="userRegTest" data-provider="getUserRegData" finished-at="2024-01-06T21:17:12 PST" duration-ms="2743" status="PASS">
          <params>
            <param index="0">
              <value>
                <![CDATA[Jyothi]]>
              </value>
            </param>
            <param index="1">
              <value>
                <![CDATA[auto]]>
              </value>
            </param>
            <param index="2">
              <value>
                <![CDATA[9876522234]]>
              </value>
            </param>
            <param index="3">
              <value>
                <![CDATA[test@123]]>
              </value>
            </param>
            <param index="4">
              <value>
                <![CDATA[yes]]>
              </value>
            </param>
          </params>
          <reporter-output>
          </reporter-output>
        </test-method> <!-- userRegTest -->
        <test-method is-config="true" signature="tearDown()[pri:0, instance:com.qa.opencart.tests.RegisterPageTest@4b1ec694]" started-at="2024-01-06T21:17:12 PST" name="tearDown" finished-at="2024-01-06T21:17:13 PST" duration-ms="297" status="PASS">
          <reporter-output>
          </reporter-output>
        </test-method> <!-- tearDown -->
      </class> <!-- com.qa.opencart.tests.RegisterPageTest -->
    </test> <!-- Register Page Test -->
  </suite> <!-- Opencart App Test Regression Suite -->
</testng-results>
